#
# There is insufficient memory for the Java Runtime Environment to continue.
# Native memory allocation (malloc) failed to allocate 1073792 bytes for Chunk::new
# Possible reasons:
#   The system is out of physical RAM or swap space
#   The process is running with CompressedOops enabled, and the Java Heap may be blocking the growth of the native heap
# Possible solutions:
#   Reduce memory load on the system
#   Increase physical memory or swap space
#   Check if swap backing store is full
#   Decrease Java heap size (-Xmx/-Xms)
#   Decrease number of Java threads
#   Decrease Java thread stack sizes (-Xss)
#   Set larger code cache with -XX:ReservedCodeCacheSize=
#   JVM is running with Unscaled Compressed Oops mode in which the Java heap is
#     placed in the first 4GB address space. The Java Heap base address is the
#     maximum limit for the native heap growth. Please use -XX:HeapBaseMinAddress
#     to set the Java Heap base and to place the Java Heap above 4GB virtual address.
# This output file may be truncated or incomplete.
#
#  Out of Memory Error (arena.cpp:191), pid=31924, tid=31812
#
# JRE version: OpenJDK Runtime Environment Temurin-17.0.9+9 (17.0.9+9) (build 17.0.9+9)
# Java VM: OpenJDK 64-Bit Server VM Temurin-17.0.9+9 (17.0.9+9, mixed mode, tiered, compressed oops, compressed class ptrs, parallel gc, windows-amd64)
# No core dump will be written. Minidumps are not enabled by default on client versions of Windows
#

---------------  S U M M A R Y ------------

Command Line: --add-modules=ALL-SYSTEM --add-opens=java.base/java.util=ALL-UNNAMED --add-opens=java.base/java.lang=ALL-UNNAMED --add-opens=java.base/sun.nio.fs=ALL-UNNAMED -Declipse.application=org.eclipse.jdt.ls.core.id1 -Dosgi.bundles.defaultStartLevel=4 -Declipse.product=org.eclipse.jdt.ls.core.product -Djava.import.generatesMetadataFilesAtProjectRoot=false -DDetectVMInstallationsJob.disabled=true -Dfile.encoding=utf8 -XX:+UseParallelGC -XX:GCTimeRatio=4 -XX:AdaptiveSizePolicyWeight=90 -Dsun.zip.disableMemoryMapping=true -Xmx1G -Xms100m -Xlog:disable -javaagent:c:\Users\TWC\.vscode\extensions\redhat.java-1.25.1-win32-x64\lombok\lombok-1.18.30.jar -XX:+HeapDumpOnOutOfMemoryError -XX:HeapDumpPath=c:\Users\TWC\AppData\Roaming\Code\User\workspaceStorage\533972dc6c11d61e76f87d03b5c8efe7\redhat.java -Daether.dependencyCollector.impl=bf c:\Users\TWC\.vscode\extensions\redhat.java-1.25.1-win32-x64\server\plugins\org.eclipse.equinox.launcher_1.6.600.v20231106-1826.jar -configuration c:\Users\TWC\AppData\Roaming\Code\User\globalStorage\redhat.java\1.25.1\config_win -data c:\Users\TWC\AppData\Roaming\Code\User\workspaceStorage\533972dc6c11d61e76f87d03b5c8efe7\redhat.java\jdt_ws --stdio

Host: Intel(R) Core(TM) i3-8145U CPU @ 2.10GHz, 4 cores, 3G,  Windows 10 , 64 bit Build 19041 (10.0.19041.3636)
Time: Sun Dec 24 09:14:05 2023 India Standard Time elapsed time: 581.514411 seconds (0d 0h 9m 41s)

---------------  T H R E A D  ---------------

Current thread (0x000001601a2cb060):  JavaThread "C2 CompilerThread0" daemon [_thread_in_native, id=31812, stack(0x000000417e600000,0x000000417e700000)]


Current CompileTask:
C2: 581514 12055   !   4       org.eclipse.jdt.internal.compiler.parser.Scanner::getNextToken0 (2517 bytes)

Stack: [0x000000417e600000,0x000000417e700000]
Native frames: (J=compiled Java code, j=interpreted, Vv=VM code, C=native code)
V  [jvm.dll+0x67cf49]
V  [jvm.dll+0x83478a]
V  [jvm.dll+0x83624e]
V  [jvm.dll+0x8368b3]
V  [jvm.dll+0x247f1f]
V  [jvm.dll+0xac43c]
V  [jvm.dll+0xaca8c]
V  [jvm.dll+0x367067]
V  [jvm.dll+0x3313ba]
V  [jvm.dll+0x33085a]
V  [jvm.dll+0x21a5b1]
V  [jvm.dll+0x2199d1]
V  [jvm.dll+0x1a57cd]
V  [jvm.dll+0x2297ae]
V  [jvm.dll+0x22797c]
V  [jvm.dll+0x7e9877]
V  [jvm.dll+0x7e3c3a]
V  [jvm.dll+0x67be35]
C  [ucrtbase.dll+0x21bb2]
C  [KERNEL32.DLL+0x17344]
C  [ntdll.dll+0x526b1]


---------------  P R O C E S S  ---------------

Threads class SMR info:
_java_thread_list=0x0000016021716ca0, length=31, elements={
0x000001600645a7a0, 0x0000016006509660, 0x000001601a2a2180, 0x000001600650bf40,
0x000001600650ccd0, 0x000001600650d860, 0x000001600650e130, 0x000001601a2cb060,
0x000001601f481b10, 0x000001601f4847e0, 0x000001601f51f280, 0x000001601f6f4920,
0x000001601f9214a0, 0x000001601f91ec20, 0x000001601f91e710, 0x000001601f91fb50,
0x000001601f920570, 0x000001601f91f640, 0x000001601f91f130, 0x0000016020b65010,
0x0000016020b60930, 0x0000016020b5efe0, 0x0000016020b60e40, 0x0000016020b65520,
0x0000016020b60420, 0x0000016020b64b00, 0x0000016020b65a30, 0x0000016020b636c0,
0x0000016020b5f4f0, 0x0000016020b61350, 0x0000016020b5fa00
}

Java Threads: ( => current thread )
  0x000001600645a7a0 JavaThread "main" [_thread_blocked, id=1968, stack(0x000000417dd00000,0x000000417de00000)]
  0x0000016006509660 JavaThread "Reference Handler" daemon [_thread_blocked, id=22364, stack(0x000000417e000000,0x000000417e100000)]
  0x000001601a2a2180 JavaThread "Finalizer" daemon [_thread_blocked, id=19952, stack(0x000000417e100000,0x000000417e200000)]
  0x000001600650bf40 JavaThread "Signal Dispatcher" daemon [_thread_blocked, id=1336, stack(0x000000417e200000,0x000000417e300000)]
  0x000001600650ccd0 JavaThread "Attach Listener" daemon [_thread_blocked, id=27040, stack(0x000000417e300000,0x000000417e400000)]
  0x000001600650d860 JavaThread "Service Thread" daemon [_thread_blocked, id=13660, stack(0x000000417e400000,0x000000417e500000)]
  0x000001600650e130 JavaThread "Monitor Deflation Thread" daemon [_thread_blocked, id=32060, stack(0x000000417e500000,0x000000417e600000)]
=>0x000001601a2cb060 JavaThread "C2 CompilerThread0" daemon [_thread_in_native, id=31812, stack(0x000000417e600000,0x000000417e700000)]
  0x000001601f481b10 JavaThread "C1 CompilerThread0" daemon [_thread_blocked, id=32084, stack(0x000000417e700000,0x000000417e800000)]
  0x000001601f4847e0 JavaThread "Sweeper thread" daemon [_thread_blocked, id=27088, stack(0x000000417e800000,0x000000417e900000)]
  0x000001601f51f280 JavaThread "Common-Cleaner" daemon [_thread_blocked, id=34528, stack(0x000000417e900000,0x000000417ea00000)]
  0x000001601f6f4920 JavaThread "Notification Thread" daemon [_thread_blocked, id=32396, stack(0x000000417ea00000,0x000000417eb00000)]
  0x000001601f9214a0 JavaThread "Active Thread: Equinox Container: 6e7367e5-591a-48fd-9a0e-defe4ed3904e" [_thread_blocked, id=29668, stack(0x000000417ef00000,0x000000417f000000)]
  0x000001601f91ec20 JavaThread "Framework Event Dispatcher: Equinox Container: 6e7367e5-591a-48fd-9a0e-defe4ed3904e" daemon [_thread_blocked, id=34656, stack(0x000000417f000000,0x000000417f100000)]
  0x000001601f91e710 JavaThread "Start Level: Equinox Container: 6e7367e5-591a-48fd-9a0e-defe4ed3904e" daemon [_thread_blocked, id=10728, stack(0x000000417f100000,0x000000417f200000)]
  0x000001601f91fb50 JavaThread "Bundle File Closer" daemon [_thread_blocked, id=24884, stack(0x000000417f200000,0x000000417f300000)]
  0x000001601f920570 JavaThread "SCR Component Actor" daemon [_thread_blocked, id=11024, stack(0x000000417f300000,0x000000417f400000)]
  0x000001601f91f640 JavaThread "Worker-JM" [_thread_blocked, id=3536, stack(0x000000417f500000,0x000000417f600000)]
  0x000001601f91f130 JavaThread "Java indexing" daemon [_thread_blocked, id=29060, stack(0x000000417f800000,0x000000417f900000)]
  0x0000016020b65010 JavaThread "Worker-2" [_thread_blocked, id=11664, stack(0x000000417f900000,0x000000417fa00000)]
  0x0000016020b60930 JavaThread "Worker-3" [_thread_blocked, id=1952, stack(0x000000417fa00000,0x000000417fb00000)]
  0x0000016020b5efe0 JavaThread "JNA Cleaner" daemon [_thread_blocked, id=30948, stack(0x000000417fb00000,0x000000417fc00000)]
  0x0000016020b60e40 JavaThread "pool-2-thread-1" [_thread_blocked, id=34644, stack(0x000000417fc00000,0x000000417fd00000)]
  0x0000016020b65520 JavaThread "WorkspaceEventsHandler" [_thread_blocked, id=27300, stack(0x000000417fd00000,0x000000417fe00000)]
  0x0000016020b60420 JavaThread "pool-1-thread-1" [_thread_in_native, id=34604, stack(0x000000417fe00000,0x000000417ff00000)]
  0x0000016020b64b00 JavaThread "ForkJoinPool.commonPool-worker-4" daemon [_thread_blocked, id=24324, stack(0x0000004100000000,0x0000004100100000)]
  0x0000016020b65a30 JavaThread "ForkJoinPool.commonPool-worker-5" daemon [_thread_blocked, id=11252, stack(0x0000004100100000,0x0000004100200000)]
  0x0000016020b636c0 JavaThread "ForkJoinPool.commonPool-worker-6" daemon [_thread_blocked, id=32664, stack(0x0000004100200000,0x0000004100300000)]
  0x0000016020b5f4f0 JavaThread "Worker-5" [_thread_blocked, id=25820, stack(0x0000004100300000,0x0000004100400000)]
  0x0000016020b61350 JavaThread "Worker-6" [_thread_blocked, id=23812, stack(0x0000004100400000,0x0000004100500000)]
  0x0000016020b5fa00 JavaThread "pool-1-thread-2" [_thread_blocked, id=33164, stack(0x0000004100500000,0x0000004100600000)]

Other Threads:
  0x000001601a289f80 VMThread "VM Thread" [stack: 0x000000417df00000,0x000000417e000000] [id=20960]
  0x000001601f6f4e00 WatcherThread [stack: 0x000000417eb00000,0x000000417ec00000] [id=14056]
  0x0000016006472670 GCTaskThread "GC Thread#0" [stack: 0x000000417de00000,0x000000417df00000] [id=18904]
  0x000001601fc395a0 GCTaskThread "GC Thread#1" [stack: 0x000000417ec00000,0x000000417ed00000] [id=25076]
  0x000001601fc525a0 GCTaskThread "GC Thread#2" [stack: 0x000000417ed00000,0x000000417ee00000] [id=980]
  0x000001601fc52860 GCTaskThread "GC Thread#3" [stack: 0x000000417ee00000,0x000000417ef00000] [id=34056]

Threads with active compile tasks:
C2 CompilerThread0   581607 12055   !   4       org.eclipse.jdt.internal.compiler.parser.Scanner::getNextToken0 (2517 bytes)

VM state: not at safepoint (normal execution)

VM Mutex/Monitor currently owned by a thread: None

Heap address: 0x00000000c0000000, size: 1024 MB, Compressed Oops mode: 32-bit

CDS archive(s) not mapped
Compressed class space mapped at: 0x0000000100000000-0x0000000140000000, reserved size: 1073741824
Narrow klass base: 0x0000000000000000, Narrow klass shift: 3, Narrow klass range: 0x140000000

GC Precious Log:
 CPUs: 4 total, 4 available
 Memory: 3917M
 Large Page Support: Disabled
 NUMA Support: Disabled
 Compressed Oops: Enabled (32-bit)
 Alignments: Space 512K, Generation 512K, Heap 2M
 Heap Min Capacity: 100M
 Heap Initial Capacity: 100M
 Heap Max Capacity: 1G
 Pre-touch: Disabled
 Parallel Workers: 4

Heap:
 PSYoungGen      total 4608K, used 1096K [0x00000000eab00000, 0x00000000eb100000, 0x0000000100000000)
  eden space 3072K, 30% used [0x00000000eab00000,0x00000000eabea1f0,0x00000000eae00000)
  from space 1536K, 10% used [0x00000000eae80000,0x00000000eaea8000,0x00000000eb000000)
  to   space 512K, 0% used [0x00000000eb080000,0x00000000eb080000,0x00000000eb100000)
 ParOldGen       total 99328K, used 87971K [0x00000000c0000000, 0x00000000c6100000, 0x00000000eab00000)
  object space 99328K, 88% used [0x00000000c0000000,0x00000000c55e8e80,0x00000000c6100000)
 Metaspace       used 74508K, committed 75712K, reserved 1179648K
  class space    used 7816K, committed 8320K, reserved 1048576K

Card table byte_map: [0x0000016005df0000,0x0000016006000000] _byte_map_base: 0x00000160057f0000

Marking Bits: (ParMarkBitMap*) 0x00007ffab968d0b0
 Begin Bits: [0x00000160180f0000, 0x00000160190f0000)
 End Bits:   [0x00000160190f0000, 0x000001601a0f0000)

Polling page: 0x00000160045a0000

Metaspace:

Usage:
  Non-class:     65.13 MB used.
      Class:      7.63 MB used.
       Both:     72.76 MB used.

Virtual space:
  Non-class space:      128.00 MB reserved,      65.81 MB ( 51%) committed,  2 nodes.
      Class space:        1.00 GB reserved,       8.12 MB ( <1%) committed,  1 nodes.
             Both:        1.12 GB reserved,      73.94 MB (  6%) committed. 

Chunk freelists:
   Non-Class:  13.33 MB
       Class:  7.91 MB
        Both:  21.24 MB

MaxMetaspaceSize: unlimited
CompressedClassSpaceSize: 1.00 GB
Initial GC threshold: 21.00 MB
Current GC threshold: 120.75 MB
CDS: off
MetaspaceReclaimPolicy: balanced
 - commit_granule_bytes: 65536.
 - commit_granule_words: 8192.
 - virtual_space_node_default_size: 8388608.
 - enlarge_chunks_in_place: 1.
 - new_chunks_are_fully_committed: 0.
 - uncommit_free_chunks: 1.
 - use_allocation_guard: 0.
 - handle_deallocations: 1.


Internal statistics:

num_allocs_failed_limit: 9.
num_arena_births: 758.
num_arena_deaths: 14.
num_vsnodes_births: 3.
num_vsnodes_deaths: 0.
num_space_committed: 1183.
num_space_uncommitted: 0.
num_chunks_returned_to_freelist: 23.
num_chunks_taken_from_freelist: 3806.
num_chunk_merges: 13.
num_chunk_splits: 2391.
num_chunks_enlarged: 1439.
num_inconsistent_stats: 0.

CodeHeap 'non-profiled nmethods': size=120000Kb used=6326Kb max_used=6846Kb free=113673Kb
 bounds [0x0000016010bc0000, 0x00000160112a0000, 0x00000160180f0000]
CodeHeap 'profiled nmethods': size=120000Kb used=19332Kb max_used=20702Kb free=100668Kb
 bounds [0x00000160090f0000, 0x000001600a530000, 0x0000016010620000]
CodeHeap 'non-nmethods': size=5760Kb used=1362Kb max_used=1469Kb free=4397Kb
 bounds [0x0000016010620000, 0x0000016010890000, 0x0000016010bc0000]
 total_blobs=10149 nmethods=9436 adapters=624
 compilation: enabled
              stopped_count=0, restarted_count=0
 full_count=0

Compilation events (20 events):
Event: 581.315 Thread 0x000001601a2cb060 nmethod 12019 0x0000016011121210 code [0x00000160111213a0, 0x0000016011121658]
Event: 581.368 Thread 0x000001601f481b10 12054       3       org.eclipse.jdt.core.BufferChangedEvent::getBuffer (8 bytes)
Event: 581.368 Thread 0x000001601f481b10 nmethod 12054 0x000001600a01d990 code [0x000001600a01db20, 0x000001600a01dd38]
Event: 581.384 Thread 0x000001601a2cb060 12055   !   4       org.eclipse.jdt.internal.compiler.parser.Scanner::getNextToken0 (2517 bytes)
Event: 581.405 Thread 0x000001601f481b10 12056       3       org.eclipse.jface.text.TreeLineTracker::setChild (60 bytes)
Event: 581.405 Thread 0x000001601f481b10 nmethod 12056 0x0000016009427f90 code [0x0000016009428140, 0x0000016009428538]
Event: 581.405 Thread 0x000001601f481b10 12057       3       org.eclipse.text.edits.MultiTextEdit::getLength (76 bytes)
Event: 581.406 Thread 0x000001601f481b10 nmethod 12057 0x000001600a0dfb90 code [0x000001600a0dfdc0, 0x000001600a0e07a8]
Event: 581.435 Thread 0x000001601f481b10 12060       3       java.lang.StackStreamFactory$FrameBuffer::isActive (42 bytes)
Event: 581.435 Thread 0x000001601f481b10 nmethod 12060 0x000001600a109a10 code [0x000001600a109ba0, 0x000001600a109db8]
Event: 581.437 Thread 0x000001601f481b10 12061       3       java.util.Formatter$FormatSpecifier::<init> (264 bytes)
Event: 581.439 Thread 0x000001601f481b10 nmethod 12061 0x000001600a092690 code [0x000001600a092ae0, 0x000001600a094398]
Event: 581.439 Thread 0x000001601f481b10 12062       3       java.util.Formatter$Flags::parse (70 bytes)
Event: 581.440 Thread 0x000001601f481b10 nmethod 12062 0x0000016009fca790 code [0x0000016009fcaa00, 0x0000016009fcb488]
Event: 581.445 Thread 0x000001601f481b10 12063       3       com.google.gson.internal.bind.TypeAdapters$28::tryBeginNesting (62 bytes)
Event: 581.445 Thread 0x000001601f481b10 nmethod 12063 0x0000016009a1d510 code [0x0000016009a1d760, 0x0000016009a1e128]
Event: 581.498 Thread 0x000001601f481b10 12064       3       org.eclipse.jdt.internal.compiler.SourceElementParser::processImplicitPermittedTypes (238 bytes)
Event: 581.499 Thread 0x000001601f481b10 nmethod 12064 0x000001600a524d90 code [0x000001600a5250a0, 0x000001600a5266a8]
Event: 581.500 Thread 0x000001601f481b10 12065   !   3       jdk.internal.reflect.GeneratedMethodAccessor12::invoke (58 bytes)
Event: 581.501 Thread 0x000001601f481b10 nmethod 12065 0x0000016009f26a10 code [0x0000016009f26c20, 0x0000016009f27248]

GC Heap History (20 events):
Event: 578.446 GC heap before
{Heap before GC invocations=249 (full 8):
 PSYoungGen      total 2048K, used 2047K [0x00000000eab00000, 0x00000000eb080000, 0x0000000100000000)
  eden space 1024K, 99% used [0x00000000eab00000,0x00000000eabfffe0,0x00000000eac00000)
  from space 1024K, 100% used [0x00000000eac00000,0x00000000ead00000,0x00000000ead00000)
  to   space 2048K, 0% used [0x00000000eae80000,0x00000000eae80000,0x00000000eb080000)
 ParOldGen       total 99328K, used 79734K [0x00000000c0000000, 0x00000000c6100000, 0x00000000eab00000)
  object space 99328K, 80% used [0x00000000c0000000,0x00000000c4dddba8,0x00000000c6100000)
 Metaspace       used 74433K, committed 75648K, reserved 1179648K
  class space    used 7814K, committed 8320K, reserved 1048576K
}
Event: 578.453 GC heap after
{Heap after GC invocations=249 (full 8):
 PSYoungGen      total 2560K, used 800K [0x00000000eab00000, 0x00000000eaf80000, 0x0000000100000000)
  eden space 1536K, 0% used [0x00000000eab00000,0x00000000eab00000,0x00000000eac80000)
  from space 1024K, 78% used [0x00000000eae80000,0x00000000eaf48000,0x00000000eaf80000)
  to   space 1536K, 0% used [0x00000000eac80000,0x00000000eac80000,0x00000000eae00000)
 ParOldGen       total 99328K, used 80742K [0x00000000c0000000, 0x00000000c6100000, 0x00000000eab00000)
  object space 99328K, 81% used [0x00000000c0000000,0x00000000c4ed9ba8,0x00000000c6100000)
 Metaspace       used 74433K, committed 75648K, reserved 1179648K
  class space    used 7814K, committed 8320K, reserved 1048576K
}
Event: 578.653 GC heap before
{Heap before GC invocations=250 (full 8):
 PSYoungGen      total 2560K, used 2335K [0x00000000eab00000, 0x00000000eaf80000, 0x0000000100000000)
  eden space 1536K, 99% used [0x00000000eab00000,0x00000000eac7ffe8,0x00000000eac80000)
  from space 1024K, 78% used [0x00000000eae80000,0x00000000eaf48000,0x00000000eaf80000)
  to   space 1536K, 0% used [0x00000000eac80000,0x00000000eac80000,0x00000000eae00000)
 ParOldGen       total 99328K, used 80742K [0x00000000c0000000, 0x00000000c6100000, 0x00000000eab00000)
  object space 99328K, 81% used [0x00000000c0000000,0x00000000c4ed9ba8,0x00000000c6100000)
 Metaspace       used 74439K, committed 75648K, reserved 1179648K
  class space    used 7814K, committed 8320K, reserved 1048576K
}
Event: 578.655 GC heap after
{Heap after GC invocations=250 (full 8):
 PSYoungGen      total 3072K, used 224K [0x00000000eab00000, 0x00000000eaf00000, 0x0000000100000000)
  eden space 1536K, 0% used [0x00000000eab00000,0x00000000eab00000,0x00000000eac80000)
  from space 1536K, 14% used [0x00000000eac80000,0x00000000eacb8000,0x00000000eae00000)
  to   space 512K, 0% used [0x00000000eae80000,0x00000000eae80000,0x00000000eaf00000)
 ParOldGen       total 99328K, used 81310K [0x00000000c0000000, 0x00000000c6100000, 0x00000000eab00000)
  object space 99328K, 81% used [0x00000000c0000000,0x00000000c4f67ba8,0x00000000c6100000)
 Metaspace       used 74439K, committed 75648K, reserved 1179648K
  class space    used 7814K, committed 8320K, reserved 1048576K
}
Event: 578.670 GC heap before
{Heap before GC invocations=251 (full 8):
 PSYoungGen      total 3072K, used 1760K [0x00000000eab00000, 0x00000000eaf00000, 0x0000000100000000)
  eden space 1536K, 100% used [0x00000000eab00000,0x00000000eac80000,0x00000000eac80000)
  from space 1536K, 14% used [0x00000000eac80000,0x00000000eacb8000,0x00000000eae00000)
  to   space 512K, 0% used [0x00000000eae80000,0x00000000eae80000,0x00000000eaf00000)
 ParOldGen       total 99328K, used 81310K [0x00000000c0000000, 0x00000000c6100000, 0x00000000eab00000)
  object space 99328K, 81% used [0x00000000c0000000,0x00000000c4f67ba8,0x00000000c6100000)
 Metaspace       used 74442K, committed 75648K, reserved 1179648K
  class space    used 7814K, committed 8320K, reserved 1048576K
}
Event: 578.676 GC heap after
{Heap after GC invocations=251 (full 8):
 PSYoungGen      total 2560K, used 481K [0x00000000eab00000, 0x00000000eb000000, 0x0000000100000000)
  eden space 2048K, 0% used [0x00000000eab00000,0x00000000eab00000,0x00000000ead00000)
  from space 512K, 93% used [0x00000000eae80000,0x00000000eaef8448,0x00000000eaf00000)
  to   space 1536K, 0% used [0x00000000ead00000,0x00000000ead00000,0x00000000eae80000)
 ParOldGen       total 99328K, used 82045K [0x00000000c0000000, 0x00000000c6100000, 0x00000000eab00000)
  object space 99328K, 82% used [0x00000000c0000000,0x00000000c501f470,0x00000000c6100000)
 Metaspace       used 74442K, committed 75648K, reserved 1179648K
  class space    used 7814K, committed 8320K, reserved 1048576K
}
Event: 578.685 GC heap before
{Heap before GC invocations=252 (full 8):
 PSYoungGen      total 2560K, used 2529K [0x00000000eab00000, 0x00000000eb000000, 0x0000000100000000)
  eden space 2048K, 99% used [0x00000000eab00000,0x00000000eacfffe8,0x00000000ead00000)
  from space 512K, 93% used [0x00000000eae80000,0x00000000eaef8448,0x00000000eaf00000)
  to   space 1536K, 0% used [0x00000000ead00000,0x00000000ead00000,0x00000000eae80000)
 ParOldGen       total 99328K, used 82045K [0x00000000c0000000, 0x00000000c6100000, 0x00000000eab00000)
  object space 99328K, 82% used [0x00000000c0000000,0x00000000c501f470,0x00000000c6100000)
 Metaspace       used 74442K, committed 75648K, reserved 1179648K
  class space    used 7814K, committed 8320K, reserved 1048576K
}
Event: 578.691 GC heap after
{Heap after GC invocations=252 (full 8):
 PSYoungGen      total 3584K, used 1536K [0x00000000eab00000, 0x00000000eb380000, 0x0000000100000000)
  eden space 2048K, 0% used [0x00000000eab00000,0x00000000eab00000,0x00000000ead00000)
  from space 1536K, 100% used [0x00000000ead00000,0x00000000eae80000,0x00000000eae80000)
  to   space 3072K, 0% used [0x00000000eb080000,0x00000000eb080000,0x00000000eb380000)
 ParOldGen       total 99328K, used 82950K [0x00000000c0000000, 0x00000000c6100000, 0x00000000eab00000)
  object space 99328K, 83% used [0x00000000c0000000,0x00000000c51018b8,0x00000000c6100000)
 Metaspace       used 74442K, committed 75648K, reserved 1179648K
  class space    used 7814K, committed 8320K, reserved 1048576K
}
Event: 578.940 GC heap before
{Heap before GC invocations=253 (full 8):
 PSYoungGen      total 3584K, used 3584K [0x00000000eab00000, 0x00000000eb380000, 0x0000000100000000)
  eden space 2048K, 100% used [0x00000000eab00000,0x00000000ead00000,0x00000000ead00000)
  from space 1536K, 100% used [0x00000000ead00000,0x00000000eae80000,0x00000000eae80000)
  to   space 3072K, 0% used [0x00000000eb080000,0x00000000eb080000,0x00000000eb380000)
 ParOldGen       total 99328K, used 82950K [0x00000000c0000000, 0x00000000c6100000, 0x00000000eab00000)
  object space 99328K, 83% used [0x00000000c0000000,0x00000000c51018b8,0x00000000c6100000)
 Metaspace       used 74447K, committed 75648K, reserved 1179648K
  class space    used 7814K, committed 8320K, reserved 1048576K
}
Event: 578.963 GC heap after
{Heap after GC invocations=253 (full 8):
 PSYoungGen      total 3584K, used 800K [0x00000000eab00000, 0x00000000eb180000, 0x0000000100000000)
  eden space 2560K, 0% used [0x00000000eab00000,0x00000000eab00000,0x00000000ead80000)
  from space 1024K, 78% used [0x00000000eb080000,0x00000000eb148000,0x00000000eb180000)
  to   space 1536K, 0% used [0x00000000eae80000,0x00000000eae80000,0x00000000eb000000)
 ParOldGen       total 99328K, used 84526K [0x00000000c0000000, 0x00000000c6100000, 0x00000000eab00000)
  object space 99328K, 85% used [0x00000000c0000000,0x00000000c528b8b8,0x00000000c6100000)
 Metaspace       used 74447K, committed 75648K, reserved 1179648K
  class space    used 7814K, committed 8320K, reserved 1048576K
}
Event: 580.116 GC heap before
{Heap before GC invocations=254 (full 8):
 PSYoungGen      total 3584K, used 3360K [0x00000000eab00000, 0x00000000eb180000, 0x0000000100000000)
  eden space 2560K, 100% used [0x00000000eab00000,0x00000000ead80000,0x00000000ead80000)
  from space 1024K, 78% used [0x00000000eb080000,0x00000000eb148000,0x00000000eb180000)
  to   space 1536K, 0% used [0x00000000eae80000,0x00000000eae80000,0x00000000eb000000)
 ParOldGen       total 99328K, used 84526K [0x00000000c0000000, 0x00000000c6100000, 0x00000000eab00000)
  object space 99328K, 85% used [0x00000000c0000000,0x00000000c528b8b8,0x00000000c6100000)
 Metaspace       used 74454K, committed 75648K, reserved 1179648K
  class space    used 7814K, committed 8320K, reserved 1048576K
}
Event: 580.123 GC heap after
{Heap after GC invocations=254 (full 8):
 PSYoungGen      total 4096K, used 128K [0x00000000eab00000, 0x00000000eb100000, 0x0000000100000000)
  eden space 2560K, 0% used [0x00000000eab00000,0x00000000eab00000,0x00000000ead80000)
  from space 1536K, 8% used [0x00000000eae80000,0x00000000eaea0000,0x00000000eb000000)
  to   space 512K, 0% used [0x00000000eb080000,0x00000000eb080000,0x00000000eb100000)
 ParOldGen       total 99328K, used 85270K [0x00000000c0000000, 0x00000000c6100000, 0x00000000eab00000)
  object space 99328K, 85% used [0x00000000c0000000,0x00000000c53458b8,0x00000000c6100000)
 Metaspace       used 74454K, committed 75648K, reserved 1179648K
  class space    used 7814K, committed 8320K, reserved 1048576K
}
Event: 580.985 GC heap before
{Heap before GC invocations=255 (full 8):
 PSYoungGen      total 4096K, used 2688K [0x00000000eab00000, 0x00000000eb100000, 0x0000000100000000)
  eden space 2560K, 100% used [0x00000000eab00000,0x00000000ead80000,0x00000000ead80000)
  from space 1536K, 8% used [0x00000000eae80000,0x00000000eaea0000,0x00000000eb000000)
  to   space 512K, 0% used [0x00000000eb080000,0x00000000eb080000,0x00000000eb100000)
 ParOldGen       total 99328K, used 85270K [0x00000000c0000000, 0x00000000c6100000, 0x00000000eab00000)
  object space 99328K, 85% used [0x00000000c0000000,0x00000000c53458b8,0x00000000c6100000)
 Metaspace       used 74454K, committed 75648K, reserved 1179648K
  class space    used 7814K, committed 8320K, reserved 1048576K
}
Event: 580.987 GC heap after
{Heap after GC invocations=255 (full 8):
 PSYoungGen      total 3072K, used 96K [0x00000000eab00000, 0x00000000eb100000, 0x0000000100000000)
  eden space 2560K, 0% used [0x00000000eab00000,0x00000000eab00000,0x00000000ead80000)
  from space 512K, 18% used [0x00000000eb080000,0x00000000eb098000,0x00000000eb100000)
  to   space 512K, 0% used [0x00000000eb000000,0x00000000eb000000,0x00000000eb080000)
 ParOldGen       total 99328K, used 85302K [0x00000000c0000000, 0x00000000c6100000, 0x00000000eab00000)
  object space 99328K, 85% used [0x00000000c0000000,0x00000000c534d8b8,0x00000000c6100000)
 Metaspace       used 74454K, committed 75648K, reserved 1179648K
  class space    used 7814K, committed 8320K, reserved 1048576K
}
Event: 581.012 GC heap before
{Heap before GC invocations=256 (full 8):
 PSYoungGen      total 3072K, used 2656K [0x00000000eab00000, 0x00000000eb100000, 0x0000000100000000)
  eden space 2560K, 100% used [0x00000000eab00000,0x00000000ead80000,0x00000000ead80000)
  from space 512K, 18% used [0x00000000eb080000,0x00000000eb098000,0x00000000eb100000)
  to   space 512K, 0% used [0x00000000eb000000,0x00000000eb000000,0x00000000eb080000)
 ParOldGen       total 99328K, used 85302K [0x00000000c0000000, 0x00000000c6100000, 0x00000000eab00000)
  object space 99328K, 85% used [0x00000000c0000000,0x00000000c534d8b8,0x00000000c6100000)
 Metaspace       used 74458K, committed 75648K, reserved 1179648K
  class space    used 7814K, committed 8320K, reserved 1048576K
}
Event: 581.027 GC heap after
{Heap after GC invocations=256 (full 8):
 PSYoungGen      total 3584K, used 481K [0x00000000eab00000, 0x00000000eb300000, 0x0000000100000000)
  eden space 3072K, 0% used [0x00000000eab00000,0x00000000eab00000,0x00000000eae00000)
  from space 512K, 93% used [0x00000000eb000000,0x00000000eb078448,0x00000000eb080000)
  to   space 2560K, 0% used [0x00000000eb080000,0x00000000eb080000,0x00000000eb300000)
 ParOldGen       total 99328K, used 87004K [0x00000000c0000000, 0x00000000c6100000, 0x00000000eab00000)
  object space 99328K, 87% used [0x00000000c0000000,0x00000000c54f7180,0x00000000c6100000)
 Metaspace       used 74458K, committed 75648K, reserved 1179648K
  class space    used 7814K, committed 8320K, reserved 1048576K
}
Event: 581.047 GC heap before
{Heap before GC invocations=257 (full 8):
 PSYoungGen      total 3584K, used 3553K [0x00000000eab00000, 0x00000000eb300000, 0x0000000100000000)
  eden space 3072K, 100% used [0x00000000eab00000,0x00000000eae00000,0x00000000eae00000)
  from space 512K, 93% used [0x00000000eb000000,0x00000000eb078448,0x00000000eb080000)
  to   space 2560K, 0% used [0x00000000eb080000,0x00000000eb080000,0x00000000eb300000)
 ParOldGen       total 99328K, used 87004K [0x00000000c0000000, 0x00000000c6100000, 0x00000000eab00000)
  object space 99328K, 87% used [0x00000000c0000000,0x00000000c54f7180,0x00000000c6100000)
 Metaspace       used 74458K, committed 75648K, reserved 1179648K
  class space    used 7814K, committed 8320K, reserved 1048576K
}
Event: 581.051 GC heap after
{Heap after GC invocations=257 (full 8):
 PSYoungGen      total 4096K, used 896K [0x00000000eab00000, 0x00000000eb180000, 0x0000000100000000)
  eden space 3072K, 0% used [0x00000000eab00000,0x00000000eab00000,0x00000000eae00000)
  from space 1024K, 87% used [0x00000000eb080000,0x00000000eb160000,0x00000000eb180000)
  to   space 1536K, 0% used [0x00000000eae80000,0x00000000eae80000,0x00000000eb000000)
 ParOldGen       total 99328K, used 87188K [0x00000000c0000000, 0x00000000c6100000, 0x00000000eab00000)
  object space 99328K, 87% used [0x00000000c0000000,0x00000000c5525180,0x00000000c6100000)
 Metaspace       used 74458K, committed 75648K, reserved 1179648K
  class space    used 7814K, committed 8320K, reserved 1048576K
}
Event: 581.467 GC heap before
{Heap before GC invocations=258 (full 8):
 PSYoungGen      total 4096K, used 3968K [0x00000000eab00000, 0x00000000eb180000, 0x0000000100000000)
  eden space 3072K, 100% used [0x00000000eab00000,0x00000000eae00000,0x00000000eae00000)
  from space 1024K, 87% used [0x00000000eb080000,0x00000000eb160000,0x00000000eb180000)
  to   space 1536K, 0% used [0x00000000eae80000,0x00000000eae80000,0x00000000eb000000)
 ParOldGen       total 99328K, used 87188K [0x00000000c0000000, 0x00000000c6100000, 0x00000000eab00000)
  object space 99328K, 87% used [0x00000000c0000000,0x00000000c5525180,0x00000000c6100000)
 Metaspace       used 74497K, committed 75712K, reserved 1179648K
  class space    used 7816K, committed 8320K, reserved 1048576K
}
Event: 581.481 GC heap after
{Heap after GC invocations=258 (full 8):
 PSYoungGen      total 4608K, used 160K [0x00000000eab00000, 0x00000000eb100000, 0x0000000100000000)
  eden space 3072K, 0% used [0x00000000eab00000,0x00000000eab00000,0x00000000eae00000)
  from space 1536K, 10% used [0x00000000eae80000,0x00000000eaea8000,0x00000000eb000000)
  to   space 512K, 0% used [0x00000000eb080000,0x00000000eb080000,0x00000000eb100000)
 ParOldGen       total 99328K, used 87971K [0x00000000c0000000, 0x00000000c6100000, 0x00000000eab00000)
  object space 99328K, 88% used [0x00000000c0000000,0x00000000c55e8e80,0x00000000c6100000)
 Metaspace       used 74497K, committed 75712K, reserved 1179648K
  class space    used 7816K, committed 8320K, reserved 1048576K
}

Dll operation events (11 events):
Event: 0.029 Loaded shared library c:\Users\TWC\.vscode\extensions\redhat.java-1.25.1-win32-x64\jre\17.0.9-win32-x86_64\bin\java.dll
Event: 0.345 Loaded shared library c:\Users\TWC\.vscode\extensions\redhat.java-1.25.1-win32-x64\jre\17.0.9-win32-x86_64\bin\zip.dll
Event: 0.361 Loaded shared library C:\Users\TWC\.vscode\extensions\redhat.java-1.25.1-win32-x64\jre\17.0.9-win32-x86_64\bin\instrument.dll
Event: 0.397 Loaded shared library C:\Users\TWC\.vscode\extensions\redhat.java-1.25.1-win32-x64\jre\17.0.9-win32-x86_64\bin\net.dll
Event: 0.407 Loaded shared library C:\Users\TWC\.vscode\extensions\redhat.java-1.25.1-win32-x64\jre\17.0.9-win32-x86_64\bin\nio.dll
Event: 0.441 Loaded shared library C:\Users\TWC\.vscode\extensions\redhat.java-1.25.1-win32-x64\jre\17.0.9-win32-x86_64\bin\zip.dll
Event: 0.506 Loaded shared library C:\Users\TWC\.vscode\extensions\redhat.java-1.25.1-win32-x64\jre\17.0.9-win32-x86_64\bin\jimage.dll
Event: 0.752 Loaded shared library c:\Users\TWC\.vscode\extensions\redhat.java-1.25.1-win32-x64\jre\17.0.9-win32-x86_64\bin\verify.dll
Event: 14.391 Loaded shared library C:\Users\TWC\AppData\Roaming\Code\User\globalStorage\redhat.java\1.25.1\config_win\org.eclipse.equinox.launcher\org.eclipse.equinox.launcher.win32.win32.x86_64_1.2.800.v20231003-1442\eclipse_11802.dll
Event: 28.560 Loaded shared library C:\Users\TWC\AppData\Local\Temp\jna-83488\jna681265349792416445.dll
Event: 38.932 Loaded shared library C:\Users\TWC\.vscode\extensions\redhat.java-1.25.1-win32-x64\jre\17.0.9-win32-x86_64\bin\sunmscapi.dll

Deoptimization events (20 events):
Event: 580.994 Thread 0x0000016020b60420 DEOPT PACKING pc=0x0000016011155b1c sp=0x000000417fefdc70
Event: 580.994 Thread 0x0000016020b60420 DEOPT UNPACKING pc=0x00000160106766a3 sp=0x000000417fefdb98 mode 2
Event: 580.994 Thread 0x0000016020b60420 Uncommon trap: trap_request=0xffffffc6 fr.pc=0x0000016011155b1c relative=0x00000000000004bc
Event: 580.994 Thread 0x0000016020b60420 Uncommon trap: reason=bimorphic_or_optimized_type_check action=maybe_recompile pc=0x0000016011155b1c method=org.eclipse.jdt.internal.compiler.parser.Parser.currentRecoveryType()Lorg/eclipse/jdt/internal/compiler/parser/RecoveredType; @ 36 c2
Event: 580.994 Thread 0x0000016020b60420 DEOPT PACKING pc=0x0000016011155b1c sp=0x000000417fefddc0
Event: 580.994 Thread 0x0000016020b60420 DEOPT UNPACKING pc=0x00000160106766a3 sp=0x000000417fefdce8 mode 2
Event: 580.998 Thread 0x0000016020b60420 Uncommon trap: trap_request=0xffffffd6 fr.pc=0x00000160110fb3ac relative=0x00000000000003ec
Event: 580.998 Thread 0x0000016020b60420 Uncommon trap: reason=array_check action=maybe_recompile pc=0x00000160110fb3ac method=java.util.TimSort.binarySort([Ljava/lang/Object;IIILjava/util/Comparator;)V @ 215 c2
Event: 580.998 Thread 0x0000016020b60420 DEOPT PACKING pc=0x00000160110fb3ac sp=0x000000417fefde90
Event: 580.998 Thread 0x0000016020b60420 DEOPT UNPACKING pc=0x00000160106766a3 sp=0x000000417fefde28 mode 2
Event: 580.998 Thread 0x0000016020b60420 Uncommon trap: trap_request=0xffffffd6 fr.pc=0x00000160110fb5c4 relative=0x0000000000000604
Event: 580.998 Thread 0x0000016020b60420 Uncommon trap: reason=array_check action=maybe_recompile pc=0x00000160110fb5c4 method=java.util.TimSort.binarySort([Ljava/lang/Object;IIILjava/util/Comparator;)V @ 183 c2
Event: 580.998 Thread 0x0000016020b60420 DEOPT PACKING pc=0x00000160110fb5c4 sp=0x000000417fefde90
Event: 580.998 Thread 0x0000016020b60420 DEOPT UNPACKING pc=0x00000160106766a3 sp=0x000000417fefde28 mode 2
Event: 580.998 Thread 0x0000016020b60420 Uncommon trap: trap_request=0xffffffd6 fr.pc=0x00000160110fb5c4 relative=0x0000000000000604
Event: 580.998 Thread 0x0000016020b60420 Uncommon trap: reason=array_check action=maybe_recompile pc=0x00000160110fb5c4 method=java.util.TimSort.binarySort([Ljava/lang/Object;IIILjava/util/Comparator;)V @ 183 c2
Event: 580.998 Thread 0x0000016020b60420 DEOPT PACKING pc=0x00000160110fb5c4 sp=0x000000417fefde90
Event: 580.998 Thread 0x0000016020b60420 DEOPT UNPACKING pc=0x00000160106766a3 sp=0x000000417fefde28 mode 2
Event: 581.036 Thread 0x0000016020b65a30 DEOPT PACKING pc=0x0000016009869973 sp=0x00000041001feae0
Event: 581.036 Thread 0x0000016020b65a30 DEOPT UNPACKING pc=0x0000016010676e43 sp=0x00000041001fdf78 mode 0

Classes unloaded (7 events):
Event: 25.572 Thread 0x000001601a289f80 Unloading class 0x0000000100250000 'java/lang/invoke/LambdaForm$MH+0x0000000100250000'
Event: 25.572 Thread 0x000001601a289f80 Unloading class 0x000000010024fc00 'java/lang/invoke/LambdaForm$MH+0x000000010024fc00'
Event: 25.572 Thread 0x000001601a289f80 Unloading class 0x000000010024f800 'java/lang/invoke/LambdaForm$MH+0x000000010024f800'
Event: 25.572 Thread 0x000001601a289f80 Unloading class 0x000000010024f400 'java/lang/invoke/LambdaForm$MH+0x000000010024f400'
Event: 25.572 Thread 0x000001601a289f80 Unloading class 0x000000010024f000 'java/lang/invoke/LambdaForm$BMH+0x000000010024f000'
Event: 25.572 Thread 0x000001601a289f80 Unloading class 0x000000010024ec00 'java/lang/invoke/LambdaForm$DMH+0x000000010024ec00'
Event: 25.572 Thread 0x000001601a289f80 Unloading class 0x000000010024c000 'java/lang/invoke/LambdaForm$DMH+0x000000010024c000'

Classes redefined (0 events):
No events

Internal exceptions (20 events):
Event: 563.798 Thread 0x0000016020b60420 Exception <a 'java/lang/ArrayIndexOutOfBoundsException'{0x00000000eac7fd90}> (0x00000000eac7fd90) 
thrown [s\src\hotspot\share\runtime\sharedRuntime.cpp, line 631]
Event: 563.798 Thread 0x0000016020b60420 Exception <a 'java/lang/ArrayIndexOutOfBoundsException'{0x00000000eac80418}> (0x00000000eac80418) 
thrown [s\src\hotspot\share\runtime\sharedRuntime.cpp, line 631]
Event: 569.619 Thread 0x0000016020b60420 Exception <a 'java/lang/ArrayIndexOutOfBoundsException'{0x00000000eab891e8}> (0x00000000eab891e8) 
thrown [s\src\hotspot\share\runtime\sharedRuntime.cpp, line 631]
Event: 569.626 Thread 0x0000016020b60420 Exception <a 'java/lang/ArrayIndexOutOfBoundsException'{0x00000000eabe85a0}> (0x00000000eabe85a0) 
thrown [s\src\hotspot\share\runtime\sharedRuntime.cpp, line 631]
Event: 569.626 Thread 0x0000016020b60420 Exception <a 'java/lang/ArrayIndexOutOfBoundsException'{0x00000000eabeaa48}> (0x00000000eabeaa48) 
thrown [s\src\hotspot\share\runtime\sharedRuntime.cpp, line 631]
Event: 569.627 Thread 0x0000016020b60420 Exception <a 'java/lang/ArrayIndexOutOfBoundsException'{0x00000000eabeb0d0}> (0x00000000eabeb0d0) 
thrown [s\src\hotspot\share\runtime\sharedRuntime.cpp, line 631]
Event: 572.582 Thread 0x0000016020b65a30 Exception <a 'java/lang/ArrayIndexOutOfBoundsException'{0x00000000eabe7878}> (0x00000000eabe7878) 
thrown [s\src\hotspot\share\runtime\sharedRuntime.cpp, line 631]
Event: 575.516 Thread 0x0000016020b60420 Exception <a 'java/lang/ArrayIndexOutOfBoundsException'{0x00000000eab28ea8}> (0x00000000eab28ea8) 
thrown [s\src\hotspot\share\runtime\sharedRuntime.cpp, line 631]
Event: 578.355 Thread 0x0000016020b60420 Exception <a 'java/lang/ArrayIndexOutOfBoundsException'{0x00000000eabf74d8}> (0x00000000eabf74d8) 
thrown [s\src\hotspot\share\runtime\sharedRuntime.cpp, line 631]
Event: 578.366 Thread 0x0000016020b60420 Exception <a 'java/lang/ArrayIndexOutOfBoundsException'{0x00000000eac52360}> (0x00000000eac52360) 
thrown [s\src\hotspot\share\runtime\sharedRuntime.cpp, line 631]
Event: 578.366 Thread 0x0000016020b60420 Exception <a 'java/lang/ArrayIndexOutOfBoundsException'{0x00000000eac545a0}> (0x00000000eac545a0) 
thrown [s\src\hotspot\share\runtime\sharedRuntime.cpp, line 631]
Event: 578.366 Thread 0x0000016020b60420 Exception <a 'java/lang/ArrayIndexOutOfBoundsException'{0x00000000eac54c28}> (0x00000000eac54c28) 
thrown [s\src\hotspot\share\runtime\sharedRuntime.cpp, line 631]
Event: 578.652 Thread 0x0000016020b60420 Exception <a 'java/lang/ArrayIndexOutOfBoundsException'{0x00000000eac5a858}> (0x00000000eac5a858) 
thrown [s\src\hotspot\share\runtime\sharedRuntime.cpp, line 631]
Event: 578.658 Thread 0x0000016020b60420 Exception <a 'java/lang/ArrayIndexOutOfBoundsException'{0x00000000eab32320}> (0x00000000eab32320) 
thrown [s\src\hotspot\share\runtime\sharedRuntime.cpp, line 631]
Event: 578.658 Thread 0x0000016020b60420 Exception <a 'java/lang/ArrayIndexOutOfBoundsException'{0x00000000eab34320}> (0x00000000eab34320) 
thrown [s\src\hotspot\share\runtime\sharedRuntime.cpp, line 631]
Event: 578.658 Thread 0x0000016020b60420 Exception <a 'java/lang/ArrayIndexOutOfBoundsException'{0x00000000eab349a8}> (0x00000000eab349a8) 
thrown [s\src\hotspot\share\runtime\sharedRuntime.cpp, line 631]
Event: 580.984 Thread 0x0000016020b60420 Exception <a 'java/lang/ArrayIndexOutOfBoundsException'{0x00000000ead7f630}> (0x00000000ead7f630) 
thrown [s\src\hotspot\share\runtime\sharedRuntime.cpp, line 631]
Event: 580.995 Thread 0x0000016020b60420 Exception <a 'java/lang/ArrayIndexOutOfBoundsException'{0x00000000eab572b8}> (0x00000000eab572b8) 
thrown [s\src\hotspot\share\runtime\sharedRuntime.cpp, line 631]
Event: 580.995 Thread 0x0000016020b60420 Exception <a 'java/lang/ArrayIndexOutOfBoundsException'{0x00000000eab59518}> (0x00000000eab59518) 
thrown [s\src\hotspot\share\runtime\sharedRuntime.cpp, line 631]
Event: 580.995 Thread 0x0000016020b60420 Exception <a 'java/lang/ArrayIndexOutOfBoundsException'{0x00000000eab59ba0}> (0x00000000eab59ba0) 
thrown [s\src\hotspot\share\runtime\sharedRuntime.cpp, line 631]

VM Operations (20 events):
Event: 578.653 Executing VM operation: ParallelGCFailedAllocation
Event: 578.655 Executing VM operation: ParallelGCFailedAllocation done
Event: 578.670 Executing VM operation: ParallelGCFailedAllocation
Event: 578.676 Executing VM operation: ParallelGCFailedAllocation done
Event: 578.685 Executing VM operation: ParallelGCFailedAllocation
Event: 578.692 Executing VM operation: ParallelGCFailedAllocation done
Event: 578.940 Executing VM operation: ParallelGCFailedAllocation
Event: 578.963 Executing VM operation: ParallelGCFailedAllocation done
Event: 579.963 Executing VM operation: Cleanup
Event: 579.963 Executing VM operation: Cleanup done
Event: 580.116 Executing VM operation: ParallelGCFailedAllocation
Event: 580.123 Executing VM operation: ParallelGCFailedAllocation done
Event: 580.985 Executing VM operation: ParallelGCFailedAllocation
Event: 580.987 Executing VM operation: ParallelGCFailedAllocation done
Event: 581.012 Executing VM operation: ParallelGCFailedAllocation
Event: 581.027 Executing VM operation: ParallelGCFailedAllocation done
Event: 581.047 Executing VM operation: ParallelGCFailedAllocation
Event: 581.051 Executing VM operation: ParallelGCFailedAllocation done
Event: 581.467 Executing VM operation: ParallelGCFailedAllocation
Event: 581.482 Executing VM operation: ParallelGCFailedAllocation done

Events (20 events):
Event: 572.778 Thread 0x000001601f4847e0 flushing nmethod 0x000001600a154290
Event: 572.778 Thread 0x000001601f4847e0 flushing nmethod 0x000001600a16aa90
Event: 572.778 Thread 0x000001601f4847e0 flushing nmethod 0x000001600a182790
Event: 572.778 Thread 0x000001601f4847e0 flushing nmethod 0x000001600a18ed90
Event: 572.778 Thread 0x000001601f4847e0 flushing nmethod 0x000001600a19ad10
Event: 572.778 Thread 0x000001601f4847e0 flushing nmethod 0x000001600a1f9f10
Event: 572.778 Thread 0x000001601f4847e0 flushing nmethod 0x000001600a227890
Event: 572.778 Thread 0x000001601f4847e0 flushing nmethod 0x000001600a251d10
Event: 572.778 Thread 0x000001601f4847e0 flushing nmethod 0x000001600a259f90
Event: 572.779 Thread 0x000001601f4847e0 flushing nmethod 0x000001600a28e990
Event: 572.779 Thread 0x000001601f4847e0 flushing nmethod 0x000001600a2c7a10
Event: 572.779 Thread 0x000001601f4847e0 flushing nmethod 0x000001600a302710
Event: 572.779 Thread 0x000001601f4847e0 flushing nmethod 0x000001600a30a710
Event: 572.779 Thread 0x000001601f4847e0 flushing nmethod 0x000001600a334990
Event: 572.779 Thread 0x000001601f4847e0 flushing nmethod 0x000001600a3b8710
Event: 572.780 Thread 0x000001601f4847e0 flushing nmethod 0x000001600a4d6510
Event: 572.780 Thread 0x000001601f4847e0 flushing nmethod 0x000001600a524d90
Event: 572.780 Thread 0x000001601f4847e0 flushing nmethod 0x000001600a525890
Event: 572.780 Thread 0x000001601f4847e0 flushing nmethod 0x000001600a526a90
Event: 572.780 Thread 0x000001601f4847e0 flushing nmethod 0x000001600a529390


Dynamic libraries:
0x00007ff7aeb90000 - 0x00007ff7aeb9e000 	c:\Users\TWC\.vscode\extensions\redhat.java-1.25.1-win32-x64\jre\17.0.9-win32-x86_64\bin\java.exe
0x00007ffb1be90000 - 0x00007ffb1c088000 	C:\WINDOWS\SYSTEM32\ntdll.dll
0x00007ffb1bb40000 - 0x00007ffb1bbfd000 	C:\WINDOWS\System32\KERNEL32.DLL
0x00007ffb19a00000 - 0x00007ffb19cf6000 	C:\WINDOWS\System32\KERNELBASE.dll
0x00007ffb16dc0000 - 0x00007ffb16e50000 	C:\WINDOWS\SYSTEM32\apphelp.dll
0x00007ffb19900000 - 0x00007ffb19a00000 	C:\WINDOWS\System32\ucrtbase.dll
0x00007ffafcb80000 - 0x00007ffafcb97000 	c:\Users\TWC\.vscode\extensions\redhat.java-1.25.1-win32-x64\jre\17.0.9-win32-x86_64\bin\jli.dll
0x00007ffb1a4d0000 - 0x00007ffb1a66e000 	C:\WINDOWS\System32\USER32.dll
0x00007ffb19ec0000 - 0x00007ffb19ee2000 	C:\WINDOWS\System32\win32u.dll
0x00007ffb1a800000 - 0x00007ffb1a82c000 	C:\WINDOWS\System32\GDI32.dll
0x00007ffb19d00000 - 0x00007ffb19e1a000 	C:\WINDOWS\System32\gdi32full.dll
0x00007ffb19e20000 - 0x00007ffb19ebd000 	C:\WINDOWS\System32\msvcp_win.dll
0x00007ffafa9d0000 - 0x00007ffafac6a000 	C:\WINDOWS\WinSxS\amd64_microsoft.windows.common-controls_6595b64144ccf1df_6.0.19041.3636_none_60b6a03d71f818d5\COMCTL32.dll
0x00007ffb1a2c0000 - 0x00007ffb1a35e000 	C:\WINDOWS\System32\msvcrt.dll
0x00007ffafbd30000 - 0x00007ffafbd4b000 	c:\Users\TWC\.vscode\extensions\redhat.java-1.25.1-win32-x64\jre\17.0.9-win32-x86_64\bin\VCRUNTIME140.dll
0x00007ffb19ef0000 - 0x00007ffb19f20000 	C:\WINDOWS\System32\IMM32.DLL
0x00007ffb0d890000 - 0x00007ffb0d89c000 	c:\Users\TWC\.vscode\extensions\redhat.java-1.25.1-win32-x64\jre\17.0.9-win32-x86_64\bin\vcruntime140_1.dll
0x00007ffacf980000 - 0x00007ffacfa0d000 	c:\Users\TWC\.vscode\extensions\redhat.java-1.25.1-win32-x64\jre\17.0.9-win32-x86_64\bin\msvcp140.dll
0x00007ffab8af0000 - 0x00007ffab9751000 	c:\Users\TWC\.vscode\extensions\redhat.java-1.25.1-win32-x64\jre\17.0.9-win32-x86_64\bin\server\jvm.dll
0x00007ffb1a380000 - 0x00007ffb1a42f000 	C:\WINDOWS\System32\ADVAPI32.dll
0x00007ffb1a430000 - 0x00007ffb1a4cc000 	C:\WINDOWS\System32\sechost.dll
0x00007ffb1aa20000 - 0x00007ffb1ab46000 	C:\WINDOWS\System32\RPCRT4.dll
0x00007ffb193d0000 - 0x00007ffb1941b000 	C:\WINDOWS\SYSTEM32\POWRPROF.dll
0x00007ffafb9b0000 - 0x00007ffafb9b9000 	C:\WINDOWS\SYSTEM32\WSOCK32.dll
0x00007ffb1a250000 - 0x00007ffb1a2bb000 	C:\WINDOWS\System32\WS2_32.dll
0x00007ffaf5c00000 - 0x00007ffaf5c27000 	C:\WINDOWS\SYSTEM32\WINMM.dll
0x00007ffb0ffb0000 - 0x00007ffb0ffba000 	C:\WINDOWS\SYSTEM32\VERSION.dll
0x00007ffb193b0000 - 0x00007ffb193c2000 	C:\WINDOWS\SYSTEM32\UMPDC.dll
0x00007ffb17430000 - 0x00007ffb17442000 	C:\WINDOWS\SYSTEM32\kernel.appcore.dll
0x00007ffb00e20000 - 0x00007ffb00e2a000 	c:\Users\TWC\.vscode\extensions\redhat.java-1.25.1-win32-x64\jre\17.0.9-win32-x86_64\bin\jimage.dll
0x00007ffb01400000 - 0x00007ffb015e4000 	C:\WINDOWS\SYSTEM32\DBGHELP.DLL
0x00007ffafcce0000 - 0x00007ffafcd14000 	C:\WINDOWS\SYSTEM32\dbgcore.DLL
0x00007ffb19570000 - 0x00007ffb195f2000 	C:\WINDOWS\System32\bcryptPrimitives.dll
0x00007ffaff8e0000 - 0x00007ffaff8ee000 	c:\Users\TWC\.vscode\extensions\redhat.java-1.25.1-win32-x64\jre\17.0.9-win32-x86_64\bin\instrument.dll
0x00007ffae1bc0000 - 0x00007ffae1be5000 	c:\Users\TWC\.vscode\extensions\redhat.java-1.25.1-win32-x64\jre\17.0.9-win32-x86_64\bin\java.dll
0x00007ffaf3a60000 - 0x00007ffaf3a78000 	c:\Users\TWC\.vscode\extensions\redhat.java-1.25.1-win32-x64\jre\17.0.9-win32-x86_64\bin\zip.dll
0x00007ffb1b320000 - 0x00007ffb1ba64000 	C:\WINDOWS\System32\SHELL32.dll
0x00007ffb17630000 - 0x00007ffb17dcb000 	C:\WINDOWS\SYSTEM32\windows.storage.dll
0x00007ffb1ab50000 - 0x00007ffb1aea4000 	C:\WINDOWS\System32\combase.dll
0x00007ffb18ee0000 - 0x00007ffb18f0d000 	C:\WINDOWS\SYSTEM32\Wldp.dll
0x00007ffb1a890000 - 0x00007ffb1a93d000 	C:\WINDOWS\System32\SHCORE.dll
0x00007ffb1a720000 - 0x00007ffb1a775000 	C:\WINDOWS\System32\shlwapi.dll
0x00007ffb194a0000 - 0x00007ffb194c5000 	C:\WINDOWS\SYSTEM32\profapi.dll
0x00007ffaf34b0000 - 0x00007ffaf34c9000 	C:\Users\TWC\.vscode\extensions\redhat.java-1.25.1-win32-x64\jre\17.0.9-win32-x86_64\bin\net.dll
0x00007ffb0d9b0000 - 0x00007ffb0daba000 	C:\WINDOWS\SYSTEM32\WINHTTP.dll
0x00007ffb18c40000 - 0x00007ffb18caa000 	C:\WINDOWS\system32\mswsock.dll
0x00007ffaebbf0000 - 0x00007ffaebc06000 	C:\Users\TWC\.vscode\extensions\redhat.java-1.25.1-win32-x64\jre\17.0.9-win32-x86_64\bin\nio.dll
0x00007ffafcd30000 - 0x00007ffafcd40000 	c:\Users\TWC\.vscode\extensions\redhat.java-1.25.1-win32-x64\jre\17.0.9-win32-x86_64\bin\verify.dll
0x00007ffae0270000 - 0x00007ffae02ae000 	C:\Users\TWC\AppData\Roaming\Code\User\globalStorage\redhat.java\1.25.1\config_win\org.eclipse.equinox.launcher\org.eclipse.equinox.launcher.win32.win32.x86_64_1.2.800.v20231003-1442\eclipse_11802.dll
0x00007ffb1bca0000 - 0x00007ffb1bdcb000 	C:\WINDOWS\System32\ole32.dll
0x00007ffb18e30000 - 0x00007ffb18e48000 	C:\WINDOWS\SYSTEM32\CRYPTSP.dll
0x00007ffb18570000 - 0x00007ffb185a4000 	C:\WINDOWS\system32\rsaenh.dll
0x00007ffb19670000 - 0x00007ffb19697000 	C:\WINDOWS\System32\bcrypt.dll
0x00007ffb19460000 - 0x00007ffb1948e000 	C:\WINDOWS\SYSTEM32\USERENV.dll
0x00007ffb18e50000 - 0x00007ffb18e5c000 	C:\WINDOWS\SYSTEM32\CRYPTBASE.dll
0x00007ffb18930000 - 0x00007ffb1896b000 	C:\WINDOWS\SYSTEM32\IPHLPAPI.DLL
0x00007ffb1a7f0000 - 0x00007ffb1a7f8000 	C:\WINDOWS\System32\NSI.dll
0x00007ffb0e5f0000 - 0x00007ffb0e607000 	C:\WINDOWS\SYSTEM32\dhcpcsvc6.DLL
0x00007ffb10350000 - 0x00007ffb1036d000 	C:\WINDOWS\SYSTEM32\dhcpcsvc.DLL
0x00007ffb18970000 - 0x00007ffb18a3a000 	C:\WINDOWS\SYSTEM32\DNSAPI.dll
0x00007ffad2730000 - 0x00007ffad2775000 	C:\Users\TWC\AppData\Local\Temp\jna-83488\jna681265349792416445.dll
0x00007ffb1bc00000 - 0x00007ffb1bc08000 	C:\WINDOWS\System32\PSAPI.DLL
0x00007ffb12a80000 - 0x00007ffb12a8e000 	C:\Users\TWC\.vscode\extensions\redhat.java-1.25.1-win32-x64\jre\17.0.9-win32-x86_64\bin\sunmscapi.dll
0x00007ffb197a0000 - 0x00007ffb198fd000 	C:\WINDOWS\System32\CRYPT32.dll
0x00007ffb18f50000 - 0x00007ffb18f77000 	C:\WINDOWS\SYSTEM32\ncrypt.dll
0x00007ffb18f10000 - 0x00007ffb18f4b000 	C:\WINDOWS\SYSTEM32\NTASN1.dll

dbghelp: loaded successfully - version: 4.0.5 - missing functions: none
symbol engine: initialized successfully - sym options: 0x614 - pdb path: .;c:\Users\TWC\.vscode\extensions\redhat.java-1.25.1-win32-x64\jre\17.0.9-win32-x86_64\bin;C:\WINDOWS\SYSTEM32;C:\WINDOWS\WinSxS\amd64_microsoft.windows.common-controls_6595b64144ccf1df_6.0.19041.3636_none_60b6a03d71f818d5;c:\Users\TWC\.vscode\extensions\redhat.java-1.25.1-win32-x64\jre\17.0.9-win32-x86_64\bin\server;C:\Users\TWC\AppData\Roaming\Code\User\globalStorage\redhat.java\1.25.1\config_win\org.eclipse.equinox.launcher\org.eclipse.equinox.launcher.win32.win32.x86_64_1.2.800.v20231003-1442;C:\Users\TWC\AppData\Local\Temp\jna-83488

VM Arguments:
jvm_args: --add-modules=ALL-SYSTEM --add-opens=java.base/java.util=ALL-UNNAMED --add-opens=java.base/java.lang=ALL-UNNAMED --add-opens=java.base/sun.nio.fs=ALL-UNNAMED -Declipse.application=org.eclipse.jdt.ls.core.id1 -Dosgi.bundles.defaultStartLevel=4 -Declipse.product=org.eclipse.jdt.ls.core.product -Djava.import.generatesMetadataFilesAtProjectRoot=false -DDetectVMInstallationsJob.disabled=true -Dfile.encoding=utf8 -XX:+UseParallelGC -XX:GCTimeRatio=4 -XX:AdaptiveSizePolicyWeight=90 -Dsun.zip.disableMemoryMapping=true -Xmx1G -Xms100m -Xlog:disable -javaagent:c:\Users\TWC\.vscode\extensions\redhat.java-1.25.1-win32-x64\lombok\lombok-1.18.30.jar -XX:+HeapDumpOnOutOfMemoryError -XX:HeapDumpPath=c:\Users\TWC\AppData\Roaming\Code\User\workspaceStorage\533972dc6c11d61e76f87d03b5c8efe7\redhat.java -Daether.dependencyCollector.impl=bf 
java_command: c:\Users\TWC\.vscode\extensions\redhat.java-1.25.1-win32-x64\server\plugins\org.eclipse.equinox.launcher_1.6.600.v20231106-1826.jar -configuration c:\Users\TWC\AppData\Roaming\Code\User\globalStorage\redhat.java\1.25.1\config_win -data c:\Users\TWC\AppData\Roaming\Code\User\workspaceStorage\533972dc6c11d61e76f87d03b5c8efe7\redhat.java\jdt_ws --stdio
java_class_path (initial): c:\Users\TWC\.vscode\extensions\redhat.java-1.25.1-win32-x64\server\plugins\org.eclipse.equinox.launcher_1.6.600.v20231106-1826.jar
Launcher Type: SUN_STANDARD

[Global flags]
    uintx AdaptiveSizePolicyWeight                 = 90                                        {product} {command line}
     intx CICompilerCount                          = 3                                         {product} {ergonomic}
    uintx GCTimeRatio                              = 4                                         {product} {command line}
     bool HeapDumpOnOutOfMemoryError               = true                                   {manageable} {command line}
    ccstr HeapDumpPath                             = c:\Users\TWC\AppData\Roaming\Code\User\workspaceStorage\533972dc6c11d61e76f87d03b5c8efe7\redhat.java         {manageable} {command line}
   size_t InitialHeapSize                          = 104857600                                 {product} {command line}
   size_t MaxHeapSize                              = 1073741824                                {product} {command line}
   size_t MaxNewSize                               = 357564416                                 {product} {ergonomic}
   size_t MinHeapDeltaBytes                        = 524288                                    {product} {ergonomic}
   size_t MinHeapSize                              = 104857600                                 {product} {command line}
   size_t NewSize                                  = 34603008                                  {product} {ergonomic}
    uintx NonNMethodCodeHeapSize                   = 5832780                                {pd product} {ergonomic}
    uintx NonProfiledCodeHeapSize                  = 122912730                              {pd product} {ergonomic}
   size_t OldSize                                  = 70254592                                  {product} {ergonomic}
    uintx ProfiledCodeHeapSize                     = 122912730                              {pd product} {ergonomic}
    uintx ReservedCodeCacheSize                    = 251658240                              {pd product} {ergonomic}
     bool SegmentedCodeCache                       = true                                      {product} {ergonomic}
   size_t SoftMaxHeapSize                          = 1073741824                             {manageable} {ergonomic}
     bool UseCompressedClassPointers               = true                           {product lp64_product} {ergonomic}
     bool UseCompressedOops                        = true                           {product lp64_product} {ergonomic}
     bool UseLargePagesIndividualAllocation        = false                                  {pd product} {ergonomic}
     bool UseParallelGC                            = true                                      {product} {command line}

Logging:
Log output configuration:
 #0: stdout all=off uptime,level,tags
 #1: stderr all=off uptime,level,tags

Environment Variables:
JAVA_HOME=C:\Program Files\Java\jdk-19
PATH=C:\Program Files\Common Files\Oracle\Java\javapath;C:\WINDOWS\system32;C:\WINDOWS;C:\WINDOWS\System32\Wbem;C:\WINDOWS\System32\WindowsPowerShell\v1.0\;C:\WINDOWS\System32\OpenSSH\;C:\Users\manju\AppData\Local\Programs\Python\Python36\Scripts;C:\Program Files\CodeBlocks\MinGW;C:\MinGW\bin;C:\Program Files\Git\cmd;C:\Program Files\dotnet\;C:\Program Files\Java\jdk-19\bin;C:\Program Files\nodejs\;C:\Program Files\MySQL\MySQL Server 8.0\bin;C:\php-8.2.12;C:\apache-maven-3.9.5\bin;C:\Program Files\MySQL\MySQL Shell 8.0\bin\;C:\Users\TWC\AppData\Local\Programs\Python\Python311\Scripts\;C:\Users\TWC\AppData\Local\Programs\Python\Python311\;C:\Users\TWC\AppData\Local\Microsoft\WindowsApps;C:\Users\TWC\AppData\Local\Programs\Microsoft VS Code\bin;C:\Users\TWC\AppData\Local\GitHubDesktop\bin;C:\Users\TWC\AppData\Roaming\npm
USERNAME=TWC
OS=Windows_NT
PROCESSOR_IDENTIFIER=Intel64 Family 6 Model 142 Stepping 12, GenuineIntel
TMP=C:\Users\TWC\AppData\Local\Temp
TEMP=C:\Users\TWC\AppData\Local\Temp



Periodic native trim disabled


---------------  S Y S T E M  ---------------

OS:
 Windows 10 , 64 bit Build 19041 (10.0.19041.3636)
OS uptime: 10 days 16:32 hours

CPU: total 4 (initial active 4) (2 cores per cpu, 2 threads per core) family 6 model 142 stepping 12 microcode 0xb8, cx8, cmov, fxsr, ht, mmx, 3dnowpref, sse, sse2, sse3, ssse3, sse4.1, sse4.2, popcnt, lzcnt, tsc, tscinvbit, avx, avx2, aes, erms, clmul, bmi1, bmi2, adx, fma, vzeroupper, clflush, clflushopt
Processor Information for all 4 processors :
  Max Mhz: 2304, Current Mhz: 2103, Mhz Limit: 2096

Memory: 4k page, system-wide physical 3917M (250M free)
TotalPageFile size 15693M (AvailPageFile size 6M)
current process WorkingSet (physical memory assigned to process): 170M, peak: 242M
current process commit charge ("private bytes"): 342M, peak: 361M

vm_info: OpenJDK 64-Bit Server VM (17.0.9+9) for windows-amd64 JRE (17.0.9+9), built on Oct 26 2023 14:01:42 by "admin" with MS VC++ 16.10 / 16.11 (VS2019)

END.
